  main.cpp
C:\Users\gofla\Documents\study\2_2\컴퓨터그래픽스\TermProject\CG_TermProject\CG_TermProject\CG_TermProject\main.cpp(90,1): warning C4326: 'main'의 반환 형식이 'int'이어야 하는데 'void'입니다.
  MAP.cpp
C:\Users\gofla\Documents\study\2_2\컴퓨터그래픽스\TermProject\CG_TermProject\CG_TermProject\CG_TermProject\MAP.cpp(54,70): warning C4267: '인수': 'size_t'에서 'GLsizei'(으)로 변환하면서 데이터가 손실될 수 있습니다.
  pch.cpp
C:\Users\gofla\Documents\study\2_2\컴퓨터그래픽스\TermProject\CG_TermProject\CG_TermProject\CG_TermProject\pch.cpp(24,22): warning C4244: '=': 'double'에서 'T'(으)로 변환하면서 데이터가 손실될 수 있습니다.
          with
          [
              T=float
          ]
C:\Users\gofla\Documents\study\2_2\컴퓨터그래픽스\TermProject\CG_TermProject\CG_TermProject\CG_TermProject\pch.cpp(37,24): warning C4244: '=': 'double'에서 'T'(으)로 변환하면서 데이터가 손실될 수 있습니다.
          with
          [
              T=float
          ]
  PLAYER.cpp
C:\Users\gofla\Documents\study\2_2\컴퓨터그래픽스\TermProject\CG_TermProject\CG_TermProject\CG_TermProject\PLAYER.cpp(42,18): warning C4244: '=': 'double'에서 'LONG'(으)로 변환하면서 데이터가 손실될 수 있습니다.
C:\Users\gofla\Documents\study\2_2\컴퓨터그래픽스\TermProject\CG_TermProject\CG_TermProject\CG_TermProject\PLAYER.cpp(43,18): warning C4244: '=': 'double'에서 'LONG'(으)로 변환하면서 데이터가 손실될 수 있습니다.
C:\Users\gofla\Documents\study\2_2\컴퓨터그래픽스\TermProject\CG_TermProject\CG_TermProject\CG_TermProject\PLAYER.cpp(44,18): warning C4244: '=': 'double'에서 'LONG'(으)로 변환하면서 데이터가 손실될 수 있습니다.
C:\Users\gofla\Documents\study\2_2\컴퓨터그래픽스\TermProject\CG_TermProject\CG_TermProject\CG_TermProject\PLAYER.cpp(45,18): warning C4244: '=': 'double'에서 'LONG'(으)로 변환하면서 데이터가 손실될 수 있습니다.
C:\Users\gofla\Documents\study\2_2\컴퓨터그래픽스\TermProject\CG_TermProject\CG_TermProject\CG_TermProject\PLAYER.cpp(66,70): warning C4267: '인수': 'size_t'에서 'GLsizei'(으)로 변환하면서 데이터가 손실될 수 있습니다.
  코드를 생성하고 있습니다...
  CG_TermProject.vcxproj -> C:\Users\gofla\Documents\study\2_2\컴퓨터그래픽스\TermProject\CG_TermProject\CG_TermProject\x64\Debug\CG_TermProject.exe
